#
# A fatal error has been detected by the Java Runtime Environment:
#
#  SIGSEGV (0xb) at pc=0x00007f5f0505ad7a, pid=5257, tid=140045364459264
#
# JRE version: Java(TM) SE Runtime Environment (7.0_51-b13) (build 1.7.0_51-b13)
# Java VM: Java HotSpot(TM) 64-Bit Server VM (24.51-b03 mixed mode linux-amd64 compressed oops)
# Problematic frame:
# v  ~BufferBlob::jni_fast_GetLongField
#
# Failed to write core dump. Core dumps have been disabled. To enable core dumping, try "ulimit -c unlimited" before starting Java again
#
# If you would like to submit a bug report, please visit:
#   http://bugreport.sun.com/bugreport/crash.jsp
# The crash happened outside the Java Virtual Machine in native code.
# See problematic frame for where to report the bug.
#

---------------  T H R E A D  ---------------

Current thread (0x00007f5f08174000):  JavaThread "AWT-XAWT" daemon [_thread_in_native, id=5277, stack(0x00007f5eda237000,0x00007f5eda338000)]

siginfo:si_signo=SIGSEGV: si_errno=0, si_code=1 (SEGV_MAPERR), si_addr=0x0000000000000000

Registers:
RAX=0x00007f5f0ef32400, RBX=0x00000000a109d740, RCX=0x00007f5f0f98b2e0, RDX=0x0000000000000042
RSP=0x00007f5eda3365c8, RBP=0x00007f5eda3365f0, RSI=0x0000000000000000, RDI=0x00007f5f081741e8
R8 =0x0000000000000003, R9 =0x0000000000000000, R10=0x0000000000000008, R11=0x00007f5f0e9d1d30
R12=0x00007f5f081741e8, R13=0x0000000000000000, R14=0x00007f5edbc2bfc0, R15=0x00007f5f08174000
RIP=0x00007f5f0505ad7a, EFLAGS=0x0000000000010246, CSGSFS=0x0000000000000033, ERR=0x0000000000000004
  TRAPNO=0x000000000000000e

Top of Stack: (sp=0x00007f5eda3365c8)
0x00007f5eda3365c8:   00007f5edb9f6781 00000000a109d740
0x00007f5eda3365d8:   00007f5ebc00c010 00000000a109d740
0x00007f5eda3365e8:   00007f5eda3366d8 0000000000000000
0x00007f5eda3365f8:   00007f5edb4f2cc8 00000000a109d740
0x00007f5eda336608:   00007f5eda336630 0000000000000000
0x00007f5eda336618:   00007f5edb4eaba3 00000000a109d740
0x00007f5eda336628:   00007f5edb9ec61f 00007f5eda3366a0
0x00007f5eda336638:   00007f5f05012738 00000000a0eab048
0x00007f5eda336648:   0000000000000000 00007f5eda336670
0x00007f5eda336658:   00007f5eda3366c0 00007f5eda336660
0x00007f5eda336668:   0000000000000000 00007f5eda3366d8
0x00007f5eda336678:   00000000a10a3808 0000000000000000
0x00007f5eda336688:   00000000a109d740 0000000000000000
0x00007f5eda336698:   00007f5eda3366c0 00007f5eda336720
0x00007f5eda3366a8:   00007f5f05006350 00000000e1fb2cb8
0x00007f5eda3366b8:   00007f5f0500ecc0 0000000000000000
0x00007f5eda3366c8:   00007f5eda336720 00007f5ec0002e20
0x00007f5eda3366d8:   00000000e1feb9d0 00007f5eda3366e0
0x00007f5eda3366e8:   00000000a108173c 00007f5eda336768
0x00007f5eda3366f8:   00000000a108d1e0 0000000000000000
0x00007f5eda336708:   00000000a1081870 00007f5eda3366c0
0x00007f5eda336718:   00007f5eda336760 00007f5eda3367b0
0x00007f5eda336728:   00007f5f05006058 0000000000000000
0x00007f5eda336738:   00000000e235cb98 0000000000000000
0x00007f5eda336748:   0000000000000000 0000000000000000
0x00007f5eda336758:   00000000e1feb9d0 0000000000000000
0x00007f5eda336768:   00000000e1fb4190 00007f5eda336770
0x00007f5eda336778:   00000000a1081545 00007f5eda3367c0
0x00007f5eda336788:   00000000a108d1e0 0000000000000000
0x00007f5eda336798:   00000000a1081550 00007f5eda336760
0x00007f5eda3367a8:   00007f5eda3367c0 00007f5eda336808
0x00007f5eda3367b8:   00007f5f05006706 00000000e1fb4190 

Instructions: (pc=0x00007f5f0505ad7a)
0x00007f5f0505ad5a:   00 00 00 00 00 00 44 8b 15 a1 b2 f0 09 4c 8b ce
0x00007f5f0505ad6a:   41 f6 c2 01 0f 85 2e 00 00 00 4d 33 ca 4d 33 ca
0x00007f5f0505ad7a:   4d 8b 09 4c 8b da 49 c1 eb 02 4b 8b 04 19 49 bb
0x00007f5f0505ad8a:   08 60 f6 0e 5f 7f 00 00 4c 33 d8 4c 33 d8 45 3b 

Register to memory mapping:

RAX=0x00007f5f0ef32400: <offset 0xe08400> in /usr/lib/jvm/java-7-oracle/jre/lib/amd64/server/libjvm.so at 0x00007f5f0e12a000
RBX=0x00000000a109d740 is an oop
{method} 
 - klass: {other class}
RCX=0x00007f5f0f98b2e0: <offset 0x2182e0> in /lib/x86_64-linux-gnu/libpthread.so.0 at 0x00007f5f0f773000
RDX=0x0000000000000042 is an unknown value
RSP=0x00007f5eda3365c8 is pointing into the stack for thread: 0x00007f5f08174000
RBP=0x00007f5eda3365f0 is pointing into the stack for thread: 0x00007f5f08174000
RSI=0x0000000000000000 is an unknown value
RDI=0x00007f5f081741e8 is an unknown value
R8 =0x0000000000000003 is an unknown value
R9 =0x0000000000000000 is an unknown value
R10=0x0000000000000008 is an unknown value
R11=0x00007f5f0e9d1d30: <offset 0x8a7d30> in /usr/lib/jvm/java-7-oracle/jre/lib/amd64/server/libjvm.so at 0x00007f5f0e12a000
R12=0x00007f5f081741e8 is an unknown value
R13=0x0000000000000000 is an unknown value
R14=0x00007f5edbc2bfc0: <offset 0x253fc0> in /usr/lib/jvm/java-7-oracle/jre/lib/amd64/xawt/libmawt.so at 0x00007f5edb9d8000
R15=0x00007f5f08174000 is a thread


Stack: [0x00007f5eda237000,0x00007f5eda338000],  sp=0x00007f5eda3365c8,  free space=1021k
Native frames: (J=compiled Java code, j=interpreted, Vv=VM code, C=native code)
v  ~BufferBlob::jni_fast_GetLongField

Java frames: (J=compiled Java code, j=interpreted, Vv=VM code)
j  sun.awt.X11.XlibWrapper.XFilterEvent(JJ)Z+0
j  sun.awt.X11.XToolkit.run(Z)V+300
j  sun.awt.X11.XToolkit.run()V+5
j  java.lang.Thread.run()V+11
v  ~StubRoutines::call_stub

---------------  P R O C E S S  ---------------

Java Threads: ( => current thread )
  0x00007f5f0800a000 JavaThread "DestroyJavaVM" [_thread_blocked, id=5261, stack(0x00007f5f0fa8c000,0x00007f5f0fb8d000)]
  0x00007f5ebc015800 JavaThread "TimerQueue" daemon [_thread_blocked, id=5283, stack(0x00007f5ed92fd000,0x00007f5ed93fe000)]
  0x00007f5f081f2800 JavaThread "AWT-EventQueue-0" [_thread_blocked, id=5280, stack(0x00007f5ed9f34000,0x00007f5eda035000)]
  0x00007f5f081f1000 JavaThread "AWT-Shutdown" [_thread_blocked, id=5279, stack(0x00007f5eda035000,0x00007f5eda136000)]
=>0x00007f5f08174000 JavaThread "AWT-XAWT" daemon [_thread_in_native, id=5277, stack(0x00007f5eda237000,0x00007f5eda338000)]
  0x00007f5f0814d800 JavaThread "Java2D Disposer" daemon [_thread_blocked, id=5276, stack(0x00007f5eda748000,0x00007f5eda849000)]
  0x00007f5f08095800 JavaThread "Service Thread" daemon [_thread_blocked, id=5272, stack(0x00007f5efc075000,0x00007f5efc176000)]
  0x00007f5f08093800 JavaThread "C2 CompilerThread1" daemon [_thread_blocked, id=5271, stack(0x00007f5efc176000,0x00007f5efc277000)]
  0x00007f5f08090800 JavaThread "C2 CompilerThread0" daemon [_thread_blocked, id=5270, stack(0x00007f5efc277000,0x00007f5efc378000)]
  0x00007f5f08086000 JavaThread "Signal Dispatcher" daemon [_thread_blocked, id=5269, stack(0x00007f5efc378000,0x00007f5efc479000)]
  0x00007f5f0806f800 JavaThread "Finalizer" daemon [_thread_blocked, id=5268, stack(0x00007f5efcb5b000,0x00007f5efcc5c000)]
  0x00007f5f0806b800 JavaThread "Reference Handler" daemon [_thread_blocked, id=5267, stack(0x00007f5efcc5c000,0x00007f5efcd5d000)]

Other Threads:
  0x00007f5f08069000 VMThread [stack: 0x00007f5efcd5d000,0x00007f5efce5e000] [id=5266]
  0x00007f5f080a0000 WatcherThread [stack: 0x00007f5edbeff000,0x00007f5edc000000] [id=5273]

VM state:not at safepoint (normal execution)

VM Mutex/Monitor currently owned by a thread: None

Heap
 PSYoungGen      total 27136K, used 7537K [0x00000000e1f00000, 0x00000000e3d00000, 0x0000000100000000)
  eden space 23552K, 32% used [0x00000000e1f00000,0x00000000e265c7c8,0x00000000e3600000)
  from space 3584K, 0% used [0x00000000e3980000,0x00000000e3980000,0x00000000e3d00000)
  to   space 3584K, 0% used [0x00000000e3600000,0x00000000e3600000,0x00000000e3980000)
 ParOldGen       total 61440K, used 0K [0x00000000a5e00000, 0x00000000a9a00000, 0x00000000e1f00000)
  object space 61440K, 0% used [0x00000000a5e00000,0x00000000a5e00000,0x00000000a9a00000)
 PSPermGen       total 21504K, used 12318K [0x00000000a0c00000, 0x00000000a2100000, 0x00000000a5e00000)
  object space 21504K, 57% used [0x00000000a0c00000,0x00000000a1807a58,0x00000000a2100000)

Card table byte_map: [0x00007f5f0ca93000,0x00007f5f0cd8e000] byte_map_base: 0x00007f5f0c58d000

Polling page: 0x00007f5f0fbaf000

Code Cache  [0x00007f5f05000000, 0x00007f5f05270000, 0x00007f5f08000000)
 total_blobs=508 nmethods=44 adapters=418 free_code_cache=48567Kb largest_free_block=49717824

Compilation events (10 events):
Event: 725,964 Thread 0x00007f5f08090800   40             java.util.concurrent.locks.AbstractQueuedSynchronizer::release (33 bytes)
Event: 725,964 Thread 0x00007f5f08093800   41             java.util.concurrent.locks.ReentrantLock$Sync::tryRelease (45 bytes)
Event: 725,965 Thread 0x00007f5f08093800 nmethod 41 0x00007f5f05092c50 code [0x00007f5f05092d80, 0x00007f5f05092e38]
Event: 725,966 Thread 0x00007f5f08090800 nmethod 40 0x00007f5f05092950 code [0x00007f5f05092aa0, 0x00007f5f05092b88]
Event: 756,003 Thread 0x00007f5f08093800   42             java.util.concurrent.locks.ReentrantLock::unlock (10 bytes)
Event: 756,008 Thread 0x00007f5f08093800 nmethod 42 0x00007f5f05092590 code [0x00007f5f050926e0, 0x00007f5f050927c8]
Event: 846,112 Thread 0x00007f5f08090800   43             java.util.concurrent.locks.ReentrantLock::lock (8 bytes)
Event: 846,112 Thread 0x00007f5f08093800   44             java.util.concurrent.locks.ReentrantLock$NonfairSync::lock (25 bytes)
Event: 846,114 Thread 0x00007f5f08093800 nmethod 44 0x00007f5f05095550 code [0x00007f5f050956c0, 0x00007f5f050957d0]
Event: 846,115 Thread 0x00007f5f08090800 nmethod 43 0x00007f5f05095950 code [0x00007f5f05095ac0, 0x00007f5f05095bf0]

GC Heap History (0 events):
No events

Deoptimization events (8 events):
Event: 0,451 Thread 0x00007f5f0800a000 Uncommon trap: reason=class_check action=maybe_recompile pc=0x00007f5f05080208 method=java.util.Properties$LineReader.readLine()I @ 62
Event: 0,453 Thread 0x00007f5f0800a000 Uncommon trap: reason=class_check action=maybe_recompile pc=0x00007f5f05080208 method=java.util.Properties$LineReader.readLine()I @ 62
Event: 0,455 Thread 0x00007f5f0800a000 Uncommon trap: reason=class_check action=maybe_recompile pc=0x00007f5f05080208 method=java.util.Properties$LineReader.readLine()I @ 62
Event: 0,456 Thread 0x00007f5f0800a000 Uncommon trap: reason=class_check action=maybe_recompile pc=0x00007f5f05080208 method=java.util.Properties$LineReader.readLine()I @ 62
Event: 0,557 Thread 0x00007f5f0800a000 Uncommon trap: reason=class_check action=maybe_recompile pc=0x00007f5f0507a8d4 method=java.lang.String.equals(Ljava/lang/Object;)Z @ 8
Event: 0,562 Thread 0x00007f5f0800a000 Uncommon trap: reason=class_check action=maybe_recompile pc=0x00007f5f0507a8d4 method=java.lang.String.equals(Ljava/lang/Object;)Z @ 8
Event: 0,563 Thread 0x00007f5f0800a000 Uncommon trap: reason=class_check action=maybe_recompile pc=0x00007f5f0507a8d4 method=java.lang.String.equals(Ljava/lang/Object;)Z @ 8
Event: 0,563 Thread 0x00007f5f0800a000 Uncommon trap: reason=class_check action=maybe_recompile pc=0x00007f5f0507a8d4 method=java.lang.String.equals(Ljava/lang/Object;)Z @ 8

Internal exceptions (10 events):
Event: 0,143 Thread 0x00007f5f0800a000 Threw 0x00000000e1f6db30 at /HUDSON/workspace/7u-2-build-linux-amd64@2/jdk7u51/527/hotspot/src/share/vm/prims/jvm.cpp:1244
Event: 0,143 Thread 0x00007f5f0800a000 Threw 0x00000000e1f6dc58 at /HUDSON/workspace/7u-2-build-linux-amd64@2/jdk7u51/527/hotspot/src/share/vm/prims/jvm.cpp:1244
Event: 0,150 Thread 0x00007f5f0800a000 Threw 0x00000000e1f75810 at /HUDSON/workspace/7u-2-build-linux-amd64@2/jdk7u51/527/hotspot/src/share/vm/prims/jni.cpp:717
Event: 0,150 Thread 0x00007f5f0800a000 Threw 0x00000000e1f76230 at /HUDSON/workspace/7u-2-build-linux-amd64@2/jdk7u51/527/hotspot/src/share/vm/prims/jni.cpp:717
Event: 0,262 Thread 0x00007f5f0800a000 Threw 0x00000000e2075788 at /HUDSON/workspace/7u-2-build-linux-amd64@2/jdk7u51/527/hotspot/src/share/vm/prims/jvm.cpp:1244
Event: 0,263 Thread 0x00007f5f0800a000 Threw 0x00000000e2076ab8 at /HUDSON/workspace/7u-2-build-linux-amd64@2/jdk7u51/527/hotspot/src/share/vm/prims/jvm.cpp:1244
Event: 0,264 Thread 0x00007f5f0800a000 Threw 0x00000000e207c480 at /HUDSON/workspace/7u-2-build-linux-amd64@2/jdk7u51/527/hotspot/src/share/vm/prims/jvm.cpp:1244
Event: 0,264 Thread 0x00007f5f0800a000 Threw 0x00000000e207d7b0 at /HUDSON/workspace/7u-2-build-linux-amd64@2/jdk7u51/527/hotspot/src/share/vm/prims/jvm.cpp:1244
Event: 0,809 Thread 0x00007f5f081f2800 Threw 0x00000000e222c968 at /HUDSON/workspace/7u-2-build-linux-amd64@2/jdk7u51/527/hotspot/src/share/vm/prims/jni.cpp:743
Event: 3,307 Thread 0x00007f5f0800a000 Threw 0x00000000e2385be0 at /HUDSON/workspace/7u-2-build-linux-amd64@2/jdk7u51/527/hotspot/src/share/vm/prims/jvm.cpp:1244

Events (10 events):
Event: 3,315 loading class 0x00007f5f0810e7f0 done
Event: 3,315 Thread 0x00007f5f0800a000 Thread exited: 0x00007f5f0800a000
Event: 3,315 Thread 0x00007f5f0800a000 Thread added: 0x00007f5f0800a000
Event: 4,120 Executing VM operation: EnableBiasedLocking
Event: 4,120 Executing VM operation: EnableBiasedLocking done
Event: 5,301 Thread 0x00007f5f081d1000 Thread exited: 0x00007f5f081d1000
Event: 988,499 loading class 0x00007f5ee00334e0
Event: 988,508 loading class 0x00007f5ee00334e0 done
Event: 993,301 loading class 0x00007f5f080fd060
Event: 993,301 loading class 0x00007f5f080fd060 done


Dynamic libraries:
00400000-00401000 r-xp 00000000 08:07 1342201                            /usr/lib/jvm/java-7-oracle/bin/java
00600000-00601000 rw-p 00000000 08:07 1342201                            /usr/lib/jvm/java-7-oracle/bin/java
00a49000-00a6a000 rw-p 00000000 00:00 0                                  [heap]
a0c00000-a2100000 rw-p 00000000 00:00 0 
a2100000-a5e00000 rw-p 00000000 00:00 0 
a5e00000-a9a00000 rw-p 00000000 00:00 0 
a9a00000-e1f00000 rw-p 00000000 00:00 0 
e1f00000-e3d00000 rw-p 00000000 00:00 0 
e3d00000-100000000 rw-p 00000000 00:00 0 
7f5eb0000000-7f5eb0021000 rw-p 00000000 00:00 0 
7f5eb0021000-7f5eb4000000 ---p 00000000 00:00 0 
7f5eb4000000-7f5eb4021000 rw-p 00000000 00:00 0 
7f5eb4021000-7f5eb8000000 ---p 00000000 00:00 0 
7f5eb8000000-7f5eb8021000 rw-p 00000000 00:00 0 
7f5eb8021000-7f5ebc000000 ---p 00000000 00:00 0 
7f5ebc000000-7f5ebc02c000 rw-p 00000000 00:00 0 
7f5ebc02c000-7f5ec0000000 ---p 00000000 00:00 0 
7f5ec0000000-7f5ec0021000 rw-p 00000000 00:00 0 
7f5ec0021000-7f5ec4000000 ---p 00000000 00:00 0 
7f5ec4000000-7f5ec4021000 rw-p 00000000 00:00 0 
7f5ec4021000-7f5ec8000000 ---p 00000000 00:00 0 
7f5ec8000000-7f5ec8021000 rw-p 00000000 00:00 0 
7f5ec8021000-7f5ecc000000 ---p 00000000 00:00 0 
7f5ecc000000-7f5ecc021000 rw-p 00000000 00:00 0 
7f5ecc021000-7f5ed0000000 ---p 00000000 00:00 0 
7f5ed0000000-7f5ed0021000 rw-p 00000000 00:00 0 
7f5ed0021000-7f5ed4000000 ---p 00000000 00:00 0 
7f5ed4000000-7f5ed4187000 rw-p 00000000 00:00 0 
7f5ed4187000-7f5ed8000000 ---p 00000000 00:00 0 
7f5ed9149000-7f5ed914c000 ---p 00000000 00:00 0 
7f5ed914c000-7f5ed924a000 rw-p 00000000 00:00 0 
7f5ed92fd000-7f5ed9300000 ---p 00000000 00:00 0 
7f5ed9300000-7f5ed93fe000 rw-p 00000000 00:00 0                          [stack:5283]
7f5ed93fe000-7f5ed9466000 r-xp 00000000 08:07 1342076                    /usr/lib/jvm/java-7-oracle/jre/lib/amd64/libt2k.so
7f5ed9466000-7f5ed9666000 ---p 00068000 08:07 1342076                    /usr/lib/jvm/java-7-oracle/jre/lib/amd64/libt2k.so
7f5ed9666000-7f5ed966d000 rw-p 00068000 08:07 1342076                    /usr/lib/jvm/java-7-oracle/jre/lib/amd64/libt2k.so
7f5ed966d000-7f5ed967d000 rw-p 00000000 00:00 0 
7f5ed967d000-7f5ed968d000 r-xp 00000000 08:07 1342114                    /usr/lib/jvm/java-7-oracle/jre/lib/amd64/libnio.so
7f5ed968d000-7f5ed988d000 ---p 00010000 08:07 1342114                    /usr/lib/jvm/java-7-oracle/jre/lib/amd64/libnio.so
7f5ed988d000-7f5ed988e000 rw-p 00010000 08:07 1342114                    /usr/lib/jvm/java-7-oracle/jre/lib/amd64/libnio.so
7f5ed988e000-7f5ed98a4000 r-xp 00000000 08:07 1342081                    /usr/lib/jvm/java-7-oracle/jre/lib/amd64/libnet.so
7f5ed98a4000-7f5ed9aa4000 ---p 00016000 08:07 1342081                    /usr/lib/jvm/java-7-oracle/jre/lib/amd64/libnet.so
7f5ed9aa4000-7f5ed9aa5000 rw-p 00016000 08:07 1342081                    /usr/lib/jvm/java-7-oracle/jre/lib/amd64/libnet.so
7f5ed9aa5000-7f5ed9aba000 r-xp 00000000 08:07 1177451                    /lib/x86_64-linux-gnu/libgcc_s.so.1
7f5ed9aba000-7f5ed9cb9000 ---p 00015000 08:07 1177451                    /lib/x86_64-linux-gnu/libgcc_s.so.1
7f5ed9cb9000-7f5ed9cba000 r--p 00014000 08:07 1177451                    /lib/x86_64-linux-gnu/libgcc_s.so.1
7f5ed9cba000-7f5ed9cbb000 rw-p 00015000 08:07 1177451                    /lib/x86_64-linux-gnu/libgcc_s.so.1
7f5ed9cbb000-7f5ed9d20000 r-xp 00000000 08:07 1342092                    /usr/lib/jvm/java-7-oracle/jre/lib/amd64/libfontmanager.so
7f5ed9d20000-7f5ed9f1f000 ---p 00065000 08:07 1342092                    /usr/lib/jvm/java-7-oracle/jre/lib/amd64/libfontmanager.so
7f5ed9f1f000-7f5ed9f23000 rw-p 00064000 08:07 1342092                    /usr/lib/jvm/java-7-oracle/jre/lib/amd64/libfontmanager.so
7f5ed9f23000-7f5ed9f34000 rw-p 00000000 00:00 0 
7f5ed9f34000-7f5ed9f37000 ---p 00000000 00:00 0 
7f5ed9f37000-7f5eda035000 rw-p 00000000 00:00 0                          [stack:5280]
7f5eda035000-7f5eda038000 ---p 00000000 00:00 0 
7f5eda038000-7f5eda136000 rw-p 00000000 00:00 0                          [stack:5279]
7f5eda136000-7f5eda139000 ---p 00000000 00:00 0 
7f5eda139000-7f5eda237000 rw-p 00000000 00:00 0 
7f5eda237000-7f5eda23a000 ---p 00000000 00:00 0 
7f5eda23a000-7f5eda338000 rw-p 00000000 00:00 0                          [stack:5277]
7f5eda338000-7f5eda33d000 r-xp 00000000 08:07 1445768                    /usr/lib/x86_64-linux-gnu/libXfixes.so.3.1.0
7f5eda33d000-7f5eda53c000 ---p 00005000 08:07 1445768                    /usr/lib/x86_64-linux-gnu/libXfixes.so.3.1.0
7f5eda53c000-7f5eda53d000 r--p 00004000 08:07 1445768                    /usr/lib/x86_64-linux-gnu/libXfixes.so.3.1.0
7f5eda53d000-7f5eda53e000 rw-p 00005000 08:07 1445768                    /usr/lib/x86_64-linux-gnu/libXfixes.so.3.1.0
7f5eda53e000-7f5eda547000 r-xp 00000000 08:07 1445760                    /usr/lib/x86_64-linux-gnu/libXcursor.so.1.0.2
7f5eda547000-7f5eda746000 ---p 00009000 08:07 1445760                    /usr/lib/x86_64-linux-gnu/libXcursor.so.1.0.2
7f5eda746000-7f5eda747000 r--p 00008000 08:07 1445760                    /usr/lib/x86_64-linux-gnu/libXcursor.so.1.0.2
7f5eda747000-7f5eda748000 rw-p 00009000 08:07 1445760                    /usr/lib/x86_64-linux-gnu/libXcursor.so.1.0.2
7f5eda748000-7f5eda74b000 ---p 00000000 00:00 0 
7f5eda74b000-7f5eda849000 rw-p 00000000 00:00 0                          [stack:5276]
7f5eda849000-7f5eda84e000 r-xp 00000000 08:07 1445764                    /usr/lib/x86_64-linux-gnu/libXdmcp.so.6.0.0
7f5eda84e000-7f5edaa4d000 ---p 00005000 08:07 1445764                    /usr/lib/x86_64-linux-gnu/libXdmcp.so.6.0.0
7f5edaa4d000-7f5edaa4e000 r--p 00004000 08:07 1445764                    /usr/lib/x86_64-linux-gnu/libXdmcp.so.6.0.0
7f5edaa4e000-7f5edaa4f000 rw-p 00005000 08:07 1445764                    /usr/lib/x86_64-linux-gnu/libXdmcp.so.6.0.0
7f5edaa4f000-7f5edaa51000 r-xp 00000000 08:07 1445753                    /usr/lib/x86_64-linux-gnu/libXau.so.6.0.0
7f5edaa51000-7f5edac51000 ---p 00002000 08:07 1445753                    /usr/lib/x86_64-linux-gnu/libXau.so.6.0.0
7f5edac51000-7f5edac52000 r--p 00002000 08:07 1445753                    /usr/lib/x86_64-linux-gnu/libXau.so.6.0.0
7f5edac52000-7f5edac53000 rw-p 00003000 08:07 1445753                    /usr/lib/x86_64-linux-gnu/libXau.so.6.0.0
7f5edac53000-7f5edac70000 r-xp 00000000 08:07 1446705                    /usr/lib/x86_64-linux-gnu/libxcb.so.1.1.0
7f5edac70000-7f5edae6f000 ---p 0001d000 08:07 1446705                    /usr/lib/x86_64-linux-gnu/libxcb.so.1.1.0
7f5edae6f000-7f5edae70000 r--p 0001c000 08:07 1446705                    /usr/lib/x86_64-linux-gnu/libxcb.so.1.1.0
7f5edae70000-7f5edae71000 rw-p 0001d000 08:07 1446705                    /usr/lib/x86_64-linux-gnu/libxcb.so.1.1.0
7f5edae71000-7f5edae80000 r-xp 00000000 08:07 1445774                    /usr/lib/x86_64-linux-gnu/libXi.so.6.1.0
7f5edae80000-7f5edb07f000 ---p 0000f000 08:07 1445774                    /usr/lib/x86_64-linux-gnu/libXi.so.6.1.0
7f5edb07f000-7f5edb080000 r--p 0000e000 08:07 1445774                    /usr/lib/x86_64-linux-gnu/libXi.so.6.1.0
7f5edb080000-7f5edb081000 rw-p 0000f000 08:07 1445774                    /usr/lib/x86_64-linux-gnu/libXi.so.6.1.0
7f5edb081000-7f5edb086000 r-xp 00000000 08:07 1445792                    /usr/lib/x86_64-linux-gnu/libXtst.so.6.1.0
7f5edb086000-7f5edb285000 ---p 00005000 08:07 1445792                    /usr/lib/x86_64-linux-gnu/libXtst.so.6.1.0
7f5edb285000-7f5edb286000 r--p 00004000 08:07 1445792                    /usr/lib/x86_64-linux-gnu/libXtst.so.6.1.0
7f5edb286000-7f5edb287000 rw-p 00005000 08:07 1445792                    /usr/lib/x86_64-linux-gnu/libXtst.so.6.1.0
7f5edb287000-7f5edb290000 r-xp 00000000 08:07 1445788                    /usr/lib/x86_64-linux-gnu/libXrender.so.1.3.0
7f5edb290000-7f5edb48f000 ---p 00009000 08:07 1445788                    /usr/lib/x86_64-linux-gnu/libXrender.so.1.3.0
7f5edb48f000-7f5edb490000 r--p 00008000 08:07 1445788                    /usr/lib/x86_64-linux-gnu/libXrender.so.1.3.0
7f5edb490000-7f5edb491000 rw-p 00009000 08:07 1445788                    /usr/lib/x86_64-linux-gnu/libXrender.so.1.3.0
7f5edb491000-7f5edb5c1000 r-xp 00000000 08:07 1445749                    /usr/lib/x86_64-linux-gnu/libX11.so.6.3.0
7f5edb5c1000-7f5edb7c1000 ---p 00130000 08:07 1445749                    /usr/lib/x86_64-linux-gnu/libX11.so.6.3.0
7f5edb7c1000-7f5edb7c2000 r--p 00130000 08:07 1445749                    /usr/lib/x86_64-linux-gnu/libX11.so.6.3.0
7f5edb7c2000-7f5edb7c6000 rw-p 00131000 08:07 1445749                    /usr/lib/x86_64-linux-gnu/libX11.so.6.3.0
7f5edb7c6000-7f5edb7d7000 r-xp 00000000 08:07 1445766                    /usr/lib/x86_64-linux-gnu/libXext.so.6.4.0
7f5edb7d7000-7f5edb9d6000 ---p 00011000 08:07 1445766                    /usr/lib/x86_64-linux-gnu/libXext.so.6.4.0
7f5edb9d6000-7f5edb9d7000 r--p 00010000 08:07 1445766                    /usr/lib/x86_64-linux-gnu/libXext.so.6.4.0
7f5edb9d7000-7f5edb9d8000 rw-p 00011000 08:07 1445766                    /usr/lib/x86_64-linux-gnu/libXext.so.6.4.0
7f5edb9d8000-7f5edba28000 r-xp 00000000 08:07 1342112                    /usr/lib/jvm/java-7-oracle/jre/lib/amd64/xawt/libmawt.so
7f5edba28000-7f5edbc28000 ---p 00050000 08:07 1342112                    /usr/lib/jvm/java-7-oracle/jre/lib/amd64/xawt/libmawt.so
7f5edbc28000-7f5edbc2c000 rw-p 00050000 08:07 1342112                    /usr/lib/jvm/java-7-oracle/jre/lib/amd64/xawt/libmawt.so
7f5edbc2c000-7f5edbc2d000 rw-p 00000000 00:00 0 
7f5edbc2d000-7f5edbccf000 r-xp 00000000 08:07 1342108                    /usr/lib/jvm/java-7-oracle/jre/lib/amd64/libawt.so
7f5edbccf000-7f5edbecf000 ---p 000a2000 08:07 1342108                    /usr/lib/jvm/java-7-oracle/jre/lib/amd64/libawt.so
7f5edbecf000-7f5edbedb000 rw-p 000a2000 08:07 1342108                    /usr/lib/jvm/java-7-oracle/jre/lib/amd64/libawt.so
7f5edbedb000-7f5edbeff000 rw-p 00000000 00:00 0 
7f5edbeff000-7f5edbf00000 ---p 00000000 00:00 0 
7f5edbf00000-7f5edc000000 rw-p 00000000 00:00 0                          [stack:5273]
7f5edc000000-7f5edc021000 rw-p 00000000 00:00 0 
7f5edc021000-7f5ee0000000 ---p 00000000 00:00 0 
7f5ee0000000-7f5ee0180000 rw-p 00000000 00:00 0 
7f5ee0180000-7f5ee4000000 ---p 00000000 00:00 0 
7f5ee4000000-7f5ee4021000 rw-p 00000000 00:00 0 
7f5ee4021000-7f5ee8000000 ---p 00000000 00:00 0 
7f5ee8000000-7f5ee8021000 rw-p 00000000 00:00 0 
7f5ee8021000-7f5eec000000 ---p 00000000 00:00 0 
7f5eec000000-7f5eec021000 rw-p 00000000 00:00 0 
7f5eec021000-7f5ef0000000 ---p 00000000 00:00 0 
7f5ef0000000-7f5ef0021000 rw-p 00000000 00:00 0 
7f5ef0021000-7f5ef4000000 ---p 00000000 00:00 0 
7f5ef4000000-7f5ef4021000 rw-p 00000000 00:00 0 
7f5ef4021000-7f5ef8000000 ---p 00000000 00:00 0 
7f5ef8000000-7f5ef8021000 rw-p 00000000 00:00 0 
7f5ef8021000-7f5efc000000 ---p 00000000 00:00 0 
7f5efc075000-7f5efc078000 ---p 00000000 00:00 0 
7f5efc078000-7f5efc176000 rw-p 00000000 00:00 0                          [stack:5272]
7f5efc176000-7f5efc179000 ---p 00000000 00:00 0 
7f5efc179000-7f5efc277000 rw-p 00000000 00:00 0                          [stack:5271]
7f5efc277000-7f5efc27a000 ---p 00000000 00:00 0 
7f5efc27a000-7f5efc378000 rw-p 00000000 00:00 0                          [stack:5270]
7f5efc378000-7f5efc37b000 ---p 00000000 00:00 0 
7f5efc37b000-7f5efc479000 rw-p 00000000 00:00 0                          [stack:5269]
7f5efc479000-7f5efcb5b000 r--p 00000000 08:07 1314177                    /usr/lib/locale/locale-archive
7f5efcb5b000-7f5efcb5e000 ---p 00000000 00:00 0 
7f5efcb5e000-7f5efcc5c000 rw-p 00000000 00:00 0                          [stack:5268]
7f5efcc5c000-7f5efcc5f000 ---p 00000000 00:00 0 
7f5efcc5f000-7f5efcd5d000 rw-p 00000000 00:00 0                          [stack:5267]
7f5efcd5d000-7f5efcd5e000 ---p 00000000 00:00 0 
7f5efcd5e000-7f5f00000000 rw-p 00000000 00:00 0                          [stack:5266]
7f5f00000000-7f5f00021000 rw-p 00000000 00:00 0 
7f5f00021000-7f5f04000000 ---p 00000000 00:00 0 
7f5f0405d000-7f5f0408e000 rw-p 00000000 00:00 0 
7f5f0408e000-7f5f040b2000 r--p 00000000 08:07 9238                       /usr/share/locale-langpack/es/LC_MESSAGES/libc.mo
7f5f040b2000-7f5f04e43000 rw-p 00000000 00:00 0 
7f5f04e43000-7f5f05000000 r--s 039bf000 08:07 1341998                    /usr/lib/jvm/java-7-oracle/jre/lib/rt.jar
7f5f05000000-7f5f05270000 rwxp 00000000 00:00 0 
7f5f05270000-7f5f082c6000 rw-p 00000000 00:00 0 
7f5f082c6000-7f5f0c000000 ---p 00000000 00:00 0 
7f5f0c008000-7f5f0c485000 rw-p 00000000 00:00 0 
7f5f0c485000-7f5f0c486000 ---p 00000000 00:00 0 
7f5f0c486000-7f5f0c586000 rw-p 00000000 00:00 0                          [stack:5265]
7f5f0c586000-7f5f0c587000 ---p 00000000 00:00 0 
7f5f0c587000-7f5f0c687000 rw-p 00000000 00:00 0                          [stack:5264]
7f5f0c687000-7f5f0c688000 ---p 00000000 00:00 0 
7f5f0c688000-7f5f0c788000 rw-p 00000000 00:00 0                          [stack:5263]
7f5f0c788000-7f5f0c789000 ---p 00000000 00:00 0 
7f5f0c789000-7f5f0c894000 rw-p 00000000 00:00 0                          [stack:5262]
7f5f0c894000-7f5f0c8b2000 rw-p 00000000 00:00 0 
7f5f0c8b2000-7f5f0c8d0000 rw-p 00000000 00:00 0 
7f5f0c8d0000-7f5f0ca93000 rw-p 00000000 00:00 0 
7f5f0ca93000-7f5f0ca9e000 rw-p 00000000 00:00 0 
7f5f0ca9e000-7f5f0cabc000 rw-p 00000000 00:00 0 
7f5f0cabc000-7f5f0cada000 rw-p 00000000 00:00 0 
7f5f0cada000-7f5f0cc9c000 rw-p 00000000 00:00 0 
7f5f0cc9c000-7f5f0ccac000 rw-p 00000000 00:00 0 
7f5f0ccac000-7f5f0cd8d000 rw-p 00000000 00:00 0 
7f5f0cd8d000-7f5f0cd8e000 rw-p 00000000 00:00 0 
7f5f0cd8e000-7f5f0cda8000 r-xp 00000000 08:07 1342071                    /usr/lib/jvm/java-7-oracle/jre/lib/amd64/libzip.so
7f5f0cda8000-7f5f0cfa8000 ---p 0001a000 08:07 1342071                    /usr/lib/jvm/java-7-oracle/jre/lib/amd64/libzip.so
7f5f0cfa8000-7f5f0cfa9000 rw-p 0001a000 08:07 1342071                    /usr/lib/jvm/java-7-oracle/jre/lib/amd64/libzip.so
7f5f0cfa9000-7f5f0cfb5000 r-xp 00000000 08:07 1181645                    /lib/x86_64-linux-gnu/libnss_files-2.17.so
7f5f0cfb5000-7f5f0d1b4000 ---p 0000c000 08:07 1181645                    /lib/x86_64-linux-gnu/libnss_files-2.17.so
7f5f0d1b4000-7f5f0d1b5000 r--p 0000b000 08:07 1181645                    /lib/x86_64-linux-gnu/libnss_files-2.17.so
7f5f0d1b5000-7f5f0d1b6000 rw-p 0000c000 08:07 1181645                    /lib/x86_64-linux-gnu/libnss_files-2.17.so
7f5f0d1b6000-7f5f0d1c1000 r-xp 00000000 08:07 1181649                    /lib/x86_64-linux-gnu/libnss_nis-2.17.so
7f5f0d1c1000-7f5f0d3c0000 ---p 0000b000 08:07 1181649                    /lib/x86_64-linux-gnu/libnss_nis-2.17.so
7f5f0d3c0000-7f5f0d3c1000 r--p 0000a000 08:07 1181649                    /lib/x86_64-linux-gnu/libnss_nis-2.17.so
7f5f0d3c1000-7f5f0d3c2000 rw-p 0000b000 08:07 1181649                    /lib/x86_64-linux-gnu/libnss_nis-2.17.so
7f5f0d3c2000-7f5f0d3d9000 r-xp 00000000 08:07 1181639                    /lib/x86_64-linux-gnu/libnsl-2.17.so
7f5f0d3d9000-7f5f0d5d8000 ---p 00017000 08:07 1181639                    /lib/x86_64-linux-gnu/libnsl-2.17.so
7f5f0d5d8000-7f5f0d5d9000 r--p 00016000 08:07 1181639                    /lib/x86_64-linux-gnu/libnsl-2.17.so
7f5f0d5d9000-7f5f0d5da000 rw-p 00017000 08:07 1181639                    /lib/x86_64-linux-gnu/libnsl-2.17.so
7f5f0d5da000-7f5f0d5dc000 rw-p 00000000 00:00 0 
7f5f0d5dc000-7f5f0d5e4000 r-xp 00000000 08:07 1181641                    /lib/x86_64-linux-gnu/libnss_compat-2.17.so
7f5f0d5e4000-7f5f0d7e3000 ---p 00008000 08:07 1181641                    /lib/x86_64-linux-gnu/libnss_compat-2.17.so
7f5f0d7e3000-7f5f0d7e4000 r--p 00007000 08:07 1181641                    /lib/x86_64-linux-gnu/libnss_compat-2.17.so
7f5f0d7e4000-7f5f0d7e5000 rw-p 00008000 08:07 1181641                    /lib/x86_64-linux-gnu/libnss_compat-2.17.so
7f5f0d7e5000-7f5f0d80e000 r-xp 00000000 08:07 1342062                    /usr/lib/jvm/java-7-oracle/jre/lib/amd64/libjava.so
7f5f0d80e000-7f5f0da0e000 ---p 00029000 08:07 1342062                    /usr/lib/jvm/java-7-oracle/jre/lib/amd64/libjava.so
7f5f0da0e000-7f5f0da10000 rw-p 00029000 08:07 1342062                    /usr/lib/jvm/java-7-oracle/jre/lib/amd64/libjava.so
7f5f0da10000-7f5f0da1d000 r-xp 00000000 08:07 1342101                    /usr/lib/jvm/java-7-oracle/jre/lib/amd64/libverify.so
7f5f0da1d000-7f5f0dc1c000 ---p 0000d000 08:07 1342101                    /usr/lib/jvm/java-7-oracle/jre/lib/amd64/libverify.so
7f5f0dc1c000-7f5f0dc1e000 rw-p 0000c000 08:07 1342101                    /usr/lib/jvm/java-7-oracle/jre/lib/amd64/libverify.so
7f5f0dc1e000-7f5f0dc25000 r-xp 00000000 08:07 1181692                    /lib/x86_64-linux-gnu/librt-2.17.so
7f5f0dc25000-7f5f0de24000 ---p 00007000 08:07 1181692                    /lib/x86_64-linux-gnu/librt-2.17.so
7f5f0de24000-7f5f0de25000 r--p 00006000 08:07 1181692                    /lib/x86_64-linux-gnu/librt-2.17.so
7f5f0de25000-7f5f0de26000 rw-p 00007000 08:07 1181692                    /lib/x86_64-linux-gnu/librt-2.17.so
7f5f0de26000-7f5f0df29000 r-xp 00000000 08:07 1181620                    /lib/x86_64-linux-gnu/libm-2.17.so
7f5f0df29000-7f5f0e128000 ---p 00103000 08:07 1181620                    /lib/x86_64-linux-gnu/libm-2.17.so
7f5f0e128000-7f5f0e129000 r--p 00102000 08:07 1181620                    /lib/x86_64-linux-gnu/libm-2.17.so
7f5f0e129000-7f5f0e12a000 rw-p 00103000 08:07 1181620                    /lib/x86_64-linux-gnu/libm-2.17.so
7f5f0e12a000-7f5f0ec8c000 r-xp 00000000 08:07 1342085                    /usr/lib/jvm/java-7-oracle/jre/lib/amd64/server/libjvm.so
7f5f0ec8c000-7f5f0ee8c000 ---p 00b62000 08:07 1342085                    /usr/lib/jvm/java-7-oracle/jre/lib/amd64/server/libjvm.so
7f5f0ee8c000-7f5f0ef4f000 rw-p 00b62000 08:07 1342085                    /usr/lib/jvm/java-7-oracle/jre/lib/amd64/server/libjvm.so
7f5f0ef4f000-7f5f0ef90000 rw-p 00000000 00:00 0 
7f5f0ef90000-7f5f0f14d000 r-xp 00000000 08:07 1181569                    /lib/x86_64-linux-gnu/libc-2.17.so
7f5f0f14d000-7f5f0f34d000 ---p 001bd000 08:07 1181569                    /lib/x86_64-linux-gnu/libc-2.17.so
7f5f0f34d000-7f5f0f351000 r--p 001bd000 08:07 1181569                    /lib/x86_64-linux-gnu/libc-2.17.so
7f5f0f351000-7f5f0f353000 rw-p 001c1000 08:07 1181569                    /lib/x86_64-linux-gnu/libc-2.17.so
7f5f0f353000-7f5f0f358000 rw-p 00000000 00:00 0 
7f5f0f358000-7f5f0f35b000 r-xp 00000000 08:07 1181584                    /lib/x86_64-linux-gnu/libdl-2.17.so
7f5f0f35b000-7f5f0f55a000 ---p 00003000 08:07 1181584                    /lib/x86_64-linux-gnu/libdl-2.17.so
7f5f0f55a000-7f5f0f55b000 r--p 00002000 08:07 1181584                    /lib/x86_64-linux-gnu/libdl-2.17.so
7f5f0f55b000-7f5f0f55c000 rw-p 00003000 08:07 1181584                    /lib/x86_64-linux-gnu/libdl-2.17.so
7f5f0f55c000-7f5f0f572000 r-xp 00000000 08:07 1329934                    /usr/lib/jvm/java-7-oracle/lib/amd64/jli/libjli.so
7f5f0f572000-7f5f0f772000 ---p 00016000 08:07 1329934                    /usr/lib/jvm/java-7-oracle/lib/amd64/jli/libjli.so
7f5f0f772000-7f5f0f773000 rw-p 00016000 08:07 1329934                    /usr/lib/jvm/java-7-oracle/lib/amd64/jli/libjli.so
7f5f0f773000-7f5f0f78a000 r-xp 00000000 08:07 1181684                    /lib/x86_64-linux-gnu/libpthread-2.17.so
7f5f0f78a000-7f5f0f98a000 ---p 00017000 08:07 1181684                    /lib/x86_64-linux-gnu/libpthread-2.17.so
7f5f0f98a000-7f5f0f98b000 r--p 00017000 08:07 1181684                    /lib/x86_64-linux-gnu/libpthread-2.17.so
7f5f0f98b000-7f5f0f98c000 rw-p 00018000 08:07 1181684                    /lib/x86_64-linux-gnu/libpthread-2.17.so
7f5f0f98c000-7f5f0f990000 rw-p 00000000 00:00 0 
7f5f0f990000-7f5f0f9b3000 r-xp 00000000 08:07 1181545                    /lib/x86_64-linux-gnu/ld-2.17.so
7f5f0f9c2000-7f5f0f9cc000 r--s 00250000 08:07 1341878                    /usr/lib/jvm/java-7-oracle/jre/lib/resources.jar
7f5f0f9cc000-7f5f0f9d6000 rw-p 00000000 00:00 0 
7f5f0f9d6000-7f5f0fa8c000 rw-p 00000000 00:00 0 
7f5f0fa8c000-7f5f0fa8f000 ---p 00000000 00:00 0 
7f5f0fa8f000-7f5f0fb91000 rw-p 00000000 00:00 0                          [stack:5261]
7f5f0fb94000-7f5f0fb9b000 r--s 00000000 08:07 1573994                    /usr/lib/x86_64-linux-gnu/gconv/gconv-modules.cache
7f5f0fb9b000-7f5f0fba6000 r--s 0037c000 08:07 1334058                    /usr/lib/jvm/java-7-oracle/jre/lib/charsets.jar
7f5f0fba6000-7f5f0fbae000 rw-s 00000000 08:07 1314163                    /tmp/hsperfdata_david/5257
7f5f0fbae000-7f5f0fbaf000 rw-p 00000000 00:00 0 
7f5f0fbaf000-7f5f0fbb0000 r--p 00000000 00:00 0 
7f5f0fbb0000-7f5f0fbb2000 rw-p 00000000 00:00 0 
7f5f0fbb2000-7f5f0fbb3000 r--p 00022000 08:07 1181545                    /lib/x86_64-linux-gnu/ld-2.17.so
7f5f0fbb3000-7f5f0fbb5000 rw-p 00023000 08:07 1181545                    /lib/x86_64-linux-gnu/ld-2.17.so
7ffff550a000-7ffff552b000 rw-p 00000000 00:00 0                          [stack]
7ffff55fe000-7ffff5600000 r-xp 00000000 00:00 0                          [vdso]
ffffffffff600000-ffffffffff601000 r-xp 00000000 00:00 0                  [vsyscall]

VM Arguments:
jvm_args: -Dfile.encoding=UTF-8 
java_command: co.edu.uniminuto.control.Automatas
Launcher Type: SUN_STANDARD

Environment Variables:
PATH=/usr/lib/lightdm/lightdm:/usr/local/sbin:/usr/local/bin:/usr/sbin:/usr/bin:/sbin:/bin:/usr/games:/usr/local/games
LD_LIBRARY_PATH=/usr/lib/jvm/java-7-oracle/jre/lib/amd64:/usr/lib/jvm/java-7-oracle/jre/lib/i386:
SHELL=/bin/bash
DISPLAY=:0

Signal Handlers:
SIGSEGV: [libjvm.so+0x993870], sa_mask[0]=0x7ffbfeff, sa_flags=0x10000004
SIGBUS: [libjvm.so+0x993870], sa_mask[0]=0x7ffbfeff, sa_flags=0x10000004
SIGFPE: [libjvm.so+0x8105b0], sa_mask[0]=0x7ffbfeff, sa_flags=0x10000004
SIGPIPE: [libjvm.so+0x8105b0], sa_mask[0]=0x7ffbfeff, sa_flags=0x10000004
SIGXFSZ: [libjvm.so+0x8105b0], sa_mask[0]=0x7ffbfeff, sa_flags=0x10000004
SIGILL: [libjvm.so+0x8105b0], sa_mask[0]=0x7ffbfeff, sa_flags=0x10000004
SIGUSR1: SIG_DFL, sa_mask[0]=0x00000000, sa_flags=0x00000000
SIGUSR2: [libjvm.so+0x811aa0], sa_mask[0]=0x00000004, sa_flags=0x10000004
SIGHUP: [libjvm.so+0x812a10], sa_mask[0]=0x7ffbfeff, sa_flags=0x10000004
SIGINT: SIG_IGN, sa_mask[0]=0x00000000, sa_flags=0x00000000
SIGTERM: [libjvm.so+0x812a10], sa_mask[0]=0x7ffbfeff, sa_flags=0x10000004
SIGQUIT: [libjvm.so+0x812a10], sa_mask[0]=0x7ffbfeff, sa_flags=0x10000004


---------------  S Y S T E M  ---------------

OS:wheezy/sid

uname:Linux 3.11.0-19-generic #33-Ubuntu SMP Tue Mar 11 18:48:34 UTC 2014 x86_64
libc:glibc 2.17 NPTL 2.17 
rlimit: STACK 8192k, CORE 0k, NPROC 45980, NOFILE 4096, AS infinity
load average:0,84 0,80 0,72

/proc/meminfo:
MemTotal:        5905796 kB
MemFree:         3176504 kB
Buffers:          196856 kB
Cached:          1233264 kB
SwapCached:            0 kB
Active:          1539256 kB
Inactive:         996372 kB
Active(anon):    1106824 kB
Inactive(anon):   180024 kB
Active(file):     432432 kB
Inactive(file):   816348 kB
Unevictable:          32 kB
Mlocked:              32 kB
SwapTotal:       1998844 kB
SwapFree:        1998844 kB
Dirty:              1140 kB
Writeback:             0 kB
AnonPages:       1102868 kB
Mapped:           206948 kB
Shmem:            181564 kB
Slab:             101900 kB
SReclaimable:      68844 kB
SUnreclaim:        33056 kB
KernelStack:        5328 kB
PageTables:        19680 kB
NFS_Unstable:          0 kB
Bounce:                0 kB
WritebackTmp:          0 kB
CommitLimit:     4951740 kB
Committed_AS:    3755868 kB
VmallocTotal:   34359738367 kB
VmallocUsed:      551868 kB
VmallocChunk:   34359181276 kB
HardwareCorrupted:     0 kB
AnonHugePages:         0 kB
HugePages_Total:       0
HugePages_Free:        0
HugePages_Rsvd:        0
HugePages_Surp:        0
Hugepagesize:       2048 kB
DirectMap4k:       57600 kB
DirectMap2M:     6027264 kB


CPU:total 4 (2 cores per cpu, 2 threads per core) family 6 model 37 stepping 2, cmov, cx8, fxsr, mmx, sse, sse2, sse3, ssse3, sse4.1, sse4.2, popcnt, ht, tsc, tscinvbit

/proc/cpuinfo:
processor	: 0
vendor_id	: GenuineIntel
cpu family	: 6
model		: 37
model name	: Intel(R) Core(TM) i3 CPU       M 350  @ 2.27GHz
stepping	: 2
microcode	: 0x9
cpu MHz		: 2266.000
cache size	: 3072 KB
physical id	: 0
siblings	: 4
core id		: 0
cpu cores	: 2
apicid		: 0
initial apicid	: 0
fpu		: yes
fpu_exception	: yes
cpuid level	: 11
wp		: yes
flags		: fpu vme de pse tsc msr pae mce cx8 apic sep mtrr pge mca cmov pat pse36 clflush dts acpi mmx fxsr sse sse2 ss ht tm pbe syscall nx rdtscp lm constant_tsc arch_perfmon pebs bts rep_good nopl xtopology nonstop_tsc aperfmperf pni dtes64 monitor ds_cpl vmx est tm2 ssse3 cx16 xtpr pdcm sse4_1 sse4_2 popcnt lahf_lm arat dtherm tpr_shadow vnmi flexpriority ept vpid
bogomips	: 4521.72
clflush size	: 64
cache_alignment	: 64
address sizes	: 36 bits physical, 48 bits virtual
power management:

processor	: 1
vendor_id	: GenuineIntel
cpu family	: 6
model		: 37
model name	: Intel(R) Core(TM) i3 CPU       M 350  @ 2.27GHz
stepping	: 2
microcode	: 0x9
cpu MHz		: 2266.000
cache size	: 3072 KB
physical id	: 0
siblings	: 4
core id		: 0
cpu cores	: 2
apicid		: 1
initial apicid	: 1
fpu		: yes
fpu_exception	: yes
cpuid level	: 11
wp		: yes
flags		: fpu vme de pse tsc msr pae mce cx8 apic sep mtrr pge mca cmov pat pse36 clflush dts acpi mmx fxsr sse sse2 ss ht tm pbe syscall nx rdtscp lm constant_tsc arch_perfmon pebs bts rep_good nopl xtopology nonstop_tsc aperfmperf pni dtes64 monitor ds_cpl vmx est tm2 ssse3 cx16 xtpr pdcm sse4_1 sse4_2 popcnt lahf_lm arat dtherm tpr_shadow vnmi flexpriority ept vpid
bogomips	: 4521.72
clflush size	: 64
cache_alignment	: 64
address sizes	: 36 bits physical, 48 bits virtual
power management:

processor	: 2
vendor_id	: GenuineIntel
cpu family	: 6
model		: 37
model name	: Intel(R) Core(TM) i3 CPU       M 350  @ 2.27GHz
stepping	: 2
microcode	: 0x9
cpu MHz		: 2266.000
cache size	: 3072 KB
physical id	: 0
siblings	: 4
core id		: 2
cpu cores	: 2
apicid		: 4
initial apicid	: 4
fpu		: yes
fpu_exception	: yes
cpuid level	: 11
wp		: yes
flags		: fpu vme de pse tsc msr pae mce cx8 apic sep mtrr pge mca cmov pat pse36 clflush dts acpi mmx fxsr sse sse2 ss ht tm pbe syscall nx rdtscp lm constant_tsc arch_perfmon pebs bts rep_good nopl xtopology nonstop_tsc aperfmperf pni dtes64 monitor ds_cpl vmx est tm2 ssse3 cx16 xtpr pdcm sse4_1 sse4_2 popcnt lahf_lm arat dtherm tpr_shadow vnmi flexpriority ept vpid
bogomips	: 4521.72
clflush size	: 64
cache_alignment	: 64
address sizes	: 36 bits physical, 48 bits virtual
power management:

processor	: 3
vendor_id	: GenuineIntel
cpu family	: 6
model		: 37
model name	: Intel(R) Core(TM) i3 CPU       M 350  @ 2.27GHz
stepping	: 2
microcode	: 0x9
cpu MHz		: 2266.000
cache size	: 3072 KB
physical id	: 0
siblings	: 4
core id		: 2
cpu cores	: 2
apicid		: 5
initial apicid	: 5
fpu		: yes
fpu_exception	: yes
cpuid level	: 11
wp		: yes
flags		: fpu vme de pse tsc msr pae mce cx8 apic sep mtrr pge mca cmov pat pse36 clflush dts acpi mmx fxsr sse sse2 ss ht tm pbe syscall nx rdtscp lm constant_tsc arch_perfmon pebs bts rep_good nopl xtopology nonstop_tsc aperfmperf pni dtes64 monitor ds_cpl vmx est tm2 ssse3 cx16 xtpr pdcm sse4_1 sse4_2 popcnt lahf_lm arat dtherm tpr_shadow vnmi flexpriority ept vpid
bogomips	: 4521.72
clflush size	: 64
cache_alignment	: 64
address sizes	: 36 bits physical, 48 bits virtual
power management:



Memory: 4k page, physical 5905796k(3176504k free), swap 1998844k(1998844k free)

vm_info: Java HotSpot(TM) 64-Bit Server VM (24.51-b03) for linux-amd64 JRE (1.7.0_51-b13), built on Dec 18 2013 18:48:01 by "java_re" with gcc 4.3.0 20080428 (Red Hat 4.3.0-8)

time: Wed Apr 16 00:26:39 2014
elapsed time: 993 seconds

